{"timestamp":"2025-07-31T21:52:47.064Z","url":"https://www.coinex.com/res/system/user/ip","method":"GET","origin":"—","status":"—","corsFlag":"—","simplicity":"—","insight":"—"}
{"timestamp":"2025-07-31T21:52:47.112Z","url":"https://www.coinex.com/res/market/fiat/prices","method":"GET","origin":"—","status":"—","corsFlag":"—","simplicity":"—","insight":"—"}
{"timestamp":"2025-07-31T21:52:47.184Z","url":"https://www.coinex.com/res/system/ip/country","method":"GET","origin":"—","status":"—","corsFlag":"—","simplicity":"—","insight":"—"}
{"timestamp":"2025-07-31T21:52:47.289Z","url":"https://www.coinex.com/res/market/asset/prices","method":"GET","origin":"—","status":"—","corsFlag":"—","simplicity":"—","insight":"—"}
{"timestamp":"2025-07-31T21:52:47.415Z","url":"https://www.coinex.com/res/market/","method":"GET","origin":"—","status":"—","corsFlag":"—","simplicity":"—","insight":"—"}
{"timestamp":"2025-07-31T21:52:47.439Z","url":"https://www.coinex.com/res/vote2/project/idmap","method":"GET","origin":"—","status":"—","corsFlag":"—","simplicity":"—","insight":"—"}
{"timestamp":"2025-07-31T21:52:47.458Z","url":"https://www.coinex.com/res/quotes/asset/trending","method":"GET","origin":"—","status":"—","corsFlag":"—","simplicity":"—","insight":"—"}
{"timestamp":"2025-07-31T21:52:47.476Z","url":"https://www.coinex.com/res/maintain/temp","method":"GET","origin":"—","status":"—","corsFlag":"—","simplicity":"—","insight":"—"}
{"timestamp":"2025-07-31T21:52:47.496Z","url":"https://www.coinex.com/res/market/currency","method":"GET","origin":"—","status":"—","corsFlag":"—","simplicity":"—","insight":"—"}
{"timestamp":"2025-07-31T21:52:47.524Z","url":"https://www.coinex.com/res/quotes/to-online/assets","method":"GET","origin":"—","status":"—","corsFlag":"—","simplicity":"—","insight":"—"}
{"timestamp":"2025-07-31T21:52:47.556Z","url":"https://www.coinex.com/res/contract/market/list","method":"GET","origin":"—","status":"—","corsFlag":"—","simplicity":"—","insight":"—"}
{"timestamp":"2025-07-31T21:52:47.687Z","url":"https://www.coinex.com/res/activity/popup-windows","method":"GET","origin":"—","status":"—","corsFlag":"—","simplicity":"—","insight":"—"}
{"timestamp":"2025-07-31T21:52:47.823Z","url":"https://www.coinex.com/res/system/market","method":"GET","origin":"—","status":"—","corsFlag":"—","simplicity":"—","insight":"—"}
{"timestamp":"2025-07-31T21:52:47.915Z","url":"https://ekr.zdassets.com/compose/e193133e-b958-4c12-9fd2-34593675d21c","method":"GET","origin":"—","status":"—","corsFlag":"—","simplicity":"—","insight":"—"}
{"timestamp":"2025-07-31T21:52:47.989Z","url":"https://www.coinex.com/res/app/download/url/","method":"GET","origin":"—","status":"—","corsFlag":"—","simplicity":"—","insight":"—"}
{"timestamp":"2025-07-31T21:52:48.331Z","url":"https://coinex.zendesk.com/embeddable/config","method":"GET","origin":"—","status":"—","corsFlag":"—","simplicity":"—","insight":"—"}
{"timestamp":"2025-07-31T21:52:48.421Z","url":"https://www.coinex.com/res/wallet/assets","method":"GET","origin":"—","status":"—","corsFlag":"—","simplicity":"—","insight":"—"}
{"timestamp":"2025-07-31T21:52:48.633Z","url":"https://www.coinex.com/res/operation/dynamic-falling","method":"GET","origin":"—","status":"—","corsFlag":"—","simplicity":"—","insight":"—"}
{"timestamp":"2025-07-31T21:52:48.814Z","url":"https://www.coinex.com/res/activity/list","method":"GET","origin":"—","status":"—","corsFlag":"—","simplicity":"—","insight":"—"}
{"timestamp":"2025-07-31T21:52:48.831Z","url":"https://www.coinex.com/res/system/trade/info","method":"GET","origin":"—","status":"—","corsFlag":"—","simplicity":"—","insight":"—"}
{"timestamp":"2025-07-31T21:52:48.856Z","url":"https://www.coinex.com/res/activity/newbie-zone/activity","method":"GET","origin":"—","status":"—","corsFlag":"—","simplicity":"—","insight":"—"}
{"timestamp":"2025-07-31T21:52:48.880Z","url":"https://www.coinex.com/res/operation/sns-conf?business=SNS_SITE","method":"GET","origin":"—","status":"—","corsFlag":"—","simplicity":"—","insight":"—"}
{"timestamp":"2025-07-31T21:52:48.891Z","url":"https://www.coinex.com/res/system/time","method":"GET","origin":"—","status":"—","corsFlag":"—","simplicity":"—","insight":"—"}
{"timestamp":"2025-07-31T21:52:48.915Z","url":"https://www.coinex.com/res/analytics/push-statistic","method":"POST","origin":"—","status":"—","corsFlag":"—","simplicity":"—","insight":"—"}
{"timestamp":"2025-07-31T21:52:48.929Z","url":"https://www.coinex.com/res/market/currency","method":"GET","origin":"—","status":"—","corsFlag":"—","simplicity":"—","insight":"—"}
{"timestamp":"2025-07-31T21:52:48.947Z","url":"https://www.coinex.com/res/market/fiat/prices?null=","method":"GET","origin":"—","status":"—","corsFlag":"—","simplicity":"—","insight":"—"}
{"timestamp":"2025-07-31T21:52:48.968Z","url":"https://www.coinex.com/res/market/asset/prices?null=","method":"GET","origin":"—","status":"—","corsFlag":"—","simplicity":"—","insight":"—"}
{"timestamp":"2025-07-31T21:52:48.987Z","url":"https://www.coinex.com/res/activity/exposure/list","method":"GET","origin":"—","status":"—","corsFlag":"—","simplicity":"—","insight":"—"}
{"timestamp":"2025-07-31T21:52:49.020Z","url":"https://www.coinex.com/res/system/user/ip","method":"GET","origin":"—","status":"—","corsFlag":"—","simplicity":"—","insight":"—"}
{"timestamp":"2025-07-31T21:52:49.045Z","url":"https://www.coinex.com/res/system/ip/country?null=","method":"GET","origin":"—","status":"—","corsFlag":"—","simplicity":"—","insight":"—"}
{"timestamp":"2025-07-31T21:52:49.063Z","url":"https://www.coinex.com/res/wallet/assets","method":"GET","origin":"—","status":"—","corsFlag":"—","simplicity":"—","insight":"—"}
{"timestamp":"2025-07-31T21:52:49.096Z","url":"https://ekr.zdassets.com/compose/e193133e-b958-4c12-9fd2-34593675d21c","method":"GET","origin":"—","status":"—","corsFlag":"—","simplicity":"—","insight":"—"}
{"timestamp":"2025-07-31T21:52:49.189Z","url":"https://coinex.zendesk.com/frontendevents/pv?client=1B752747-577B-429A-A0E0-83861AF69088","method":"OPTIONS","origin":"—","status":"—","corsFlag":"—","simplicity":"—","insight":"—"}
{"timestamp":"2025-07-31T21:52:49.209Z","url":"https://www.coinex.com/res/information/support","method":"GET","origin":"—","status":"—","corsFlag":"—","simplicity":"—","insight":"—"}
{"timestamp":"2025-07-31T21:52:49.233Z","url":"https://www.coinex.com/res/market/","method":"GET","origin":"—","status":"—","corsFlag":"—","simplicity":"—","insight":"—"}
{"timestamp":"2025-07-31T21:52:49.250Z","url":"https://www.coinex.com/res/account/balance/business-types","method":"GET","origin":"—","status":"—","corsFlag":"—","simplicity":"—","insight":"—"}
{"timestamp":"2025-07-31T21:52:49.310Z","url":"https://www.coinex.com/res/p2p/config","method":"GET","origin":"—","status":"—","corsFlag":"—","simplicity":"—","insight":"—"}
{"timestamp":"2025-07-31T21:52:49.330Z","url":"https://www.coinex.com/res/activity/exposure/list","method":"GET","origin":"—","status":"—","corsFlag":"—","simplicity":"—","insight":"—"}
{"timestamp":"2025-07-31T21:52:49.361Z","url":"https://coinex.zendesk.com/embeddable/config","method":"GET","origin":"—","status":"—","corsFlag":"—","simplicity":"—","insight":"—"}
{"timestamp":"2025-07-31T21:52:49.393Z","url":"https://coinex.zendesk.com/embeddable/config","method":"GET","origin":"—","status":"—","corsFlag":"—","simplicity":"—","insight":"—"}
{"timestamp":"2025-07-31T21:52:49.412Z","url":"https://www.coinex.com/res/activity/list","method":"GET","origin":"—","status":"—","corsFlag":"—","simplicity":"—","insight":"—"}
{"timestamp":"2025-07-31T21:52:49.436Z","url":"https://www.coinex.com/res/operation/dynamic-falling","method":"GET","origin":"—","status":"—","corsFlag":"—","simplicity":"—","insight":"—"}
{"timestamp":"2025-07-31T21:52:49.579Z","url":"https://coinex.zendesk.com/frontendevents/pv?client=1B752747-577B-429A-A0E0-83861AF69088","method":"POST","origin":"—","status":"—","corsFlag":"—","simplicity":"—","insight":"—"}
{"timestamp":"2025-07-31T21:52:49.640Z","url":"https://www.coinex.com/res/activity/coinex-wallet/traffic?platform=WEB","method":"GET","origin":"—","status":"—","corsFlag":"—","simplicity":"—","insight":"—"}
{"timestamp":"2025-07-31T21:52:49.758Z","url":"https://www.coinex.com/res/information/support","method":"GET","origin":"—","status":"—","corsFlag":"—","simplicity":"—","insight":"—"}
{"timestamp":"2025-07-31T21:52:49.782Z","url":"https://www.coinex.com/res/operation/dynamic-falling","method":"GET","origin":"—","status":"—","corsFlag":"—","simplicity":"—","insight":"—"}
{"timestamp":"2025-07-31T21:52:50.046Z","url":"https://coinex.zendesk.com/frontendevents/pv?client=1B752747-577B-429A-A0E0-83861AF69088","method":"POST","origin":"—","status":"—","corsFlag":"—","simplicity":"—","insight":"—"}
{"timestamp":"2025-07-31T21:52:50.729Z","url":"https://www.coinex.com/res/system/time","method":"GET","origin":"—","status":"—","corsFlag":"—","simplicity":"—","insight":"—"}
{"timestamp":"2025-07-31T21:52:50.769Z","url":"https://www.coinex.com/res/operation/sns-conf?business=SNS_SITE","method":"GET","origin":"—","status":"—","corsFlag":"—","simplicity":"—","insight":"—"}
{"timestamp":"2025-07-31T21:52:50.789Z","url":"https://www.coinex.com/res/system/trade/info","method":"GET","origin":"—","status":"—","corsFlag":"—","simplicity":"—","insight":"—"}
{"timestamp":"2025-07-31T21:52:51.879Z","url":"https://www.google-analytics.com/g/collect?v=2&tid=G-2DQ66G4TCR&gtm=45je57u1h1v876629130za200zd876629130&_p=1753998768331&gcs=G100&gcd=13p3p3p3p5l1&npa=1&dma_cps=-&dma=0&tag_exp=101509157~103116026~103200004~103233427~104684208~104684211~104948813~105103161~105103163&cid=1958804197.1753998771&ul=en-us&are=1&frm=1&pscdl=denied&_geo=1&_rdi=1&_s=1&sid=1753998770&sct=1&seg=0&dl=https%3A%2F%2Fwww.coinex.com%2Fv3%2Fen%2F&dr=https%3A%2F%2Fwww.coinex.com%2Fen%2F&dt=CoinEx%20-%20The%20Global%20Cryptocurrency%20Exchange&en=page_view&_fv=1&_nsi=1&_ss=1&_ee=1&tfd=4334","method":"POST","origin":"—","status":"—","corsFlag":"—","simplicity":"—","insight":"—"}
{"timestamp":"2025-07-31T21:52:53.501Z","url":"https://www.google-analytics.com/g/collect?v=2&tid=G-2DQ66G4TCR&gtm=45je57u1v876629130za200zd876629130&_p=1753998766512&gcd=13l3l3l3l1l1&npa=0&dma=0&tag_exp=101509157~103116026~103200004~103233427~104684208~104684211~104948813~105103161~105103163&cid=731721645.1753997201&ul=en-us&are=1&frm=0&pscdl=noapi&_eu=AAAAAAQ&_geo=1&_rdi=1&_s=1&sid=1753997200&sct=1&seg=1&dl=https%3A%2F%2Fwww.coinex.com%2Fen%2F&dt=CoinEx%20-%20Global%20Crypto%20Exchange&dp=%2Fen%2F&en=page_view&_ee=1&ep.anonymize_ip=true&tfd=9718","method":"POST","origin":"—","status":"—","corsFlag":"—","simplicity":"—","insight":"—"}
{"timestamp":"2025-07-31T21:52:57.712Z","url":"https://www.coinex.com/res/maintain/temp","method":"GET","origin":"—","status":"—","corsFlag":"—","simplicity":"—","insight":"—"}
{"timestamp":"2025-07-31T21:53:07.622Z","url":"https://www.coinex.com/res/maintain/temp","method":"GET","origin":"—","status":"—","corsFlag":"—","simplicity":"—","insight":"—"}
{"timestamp":"2025-07-31T21:53:17.777Z","url":"https://www.coinex.com/res/maintain/temp","method":"GET","origin":"—","status":"—","corsFlag":"—","simplicity":"—","insight":"—"}
{"timestamp":"2025-07-31T21:53:27.546Z","url":"https://www.coinex.com/res/maintain/temp","method":"GET","origin":"—","status":"—","corsFlag":"—","simplicity":"—","insight":"—"}
{"timestamp":"2025-07-31T21:53:37.691Z","url":"https://www.coinex.com/res/maintain/temp","method":"GET","origin":"—","status":"—","corsFlag":"—","simplicity":"—","insight":"—"}
{"timestamp":"2025-07-31T21:53:47.537Z","url":"https://www.coinex.com/res/maintain/temp","method":"GET","origin":"—","status":"—","corsFlag":"—","simplicity":"—","insight":"—"}
{"timestamp":"2025-07-31T21:54:31.707Z","url":"https://www.coinex.com/res/maintain/temp","method":"GET","origin":"—","status":"—","corsFlag":"—","simplicity":"—","insight":"—"}
{"timestamp":"2025-07-31T21:55:32.046Z","url":"https://www.coinex.com/res/maintain/temp","method":"GET","origin":"—","status":"—","corsFlag":"—","simplicity":"—","insight":"—"}
{"timestamp":"2025-07-31T21:56:32.101Z","url":"https://www.coinex.com/res/maintain/temp","method":"GET","origin":"—","status":"—","corsFlag":"—","simplicity":"—","insight":"—"}
{"timestamp":"2025-07-31T21:57:32.066Z","url":"https://www.coinex.com/res/maintain/temp","method":"GET","origin":"—","status":"—","corsFlag":"—","simplicity":"—","insight":"—"}
{"timestamp":"2025-07-31T21:58:31.608Z","url":"https://www.coinex.com/res/maintain/temp","method":"GET","origin":"—","status":"—","corsFlag":"—","simplicity":"—","insight":"—"}
{"timestamp":"2025-07-31T22:00:20.876Z","url":"https://www.coinex.com/res/market/fiat/prices","method":"GET","origin":"—","status":"—","corsFlag":"—","simplicity":"—","insight":"—"}
{"timestamp":"2025-07-31T22:00:20.915Z","url":"https://www.coinex.com/res/market/asset/prices","method":"GET","origin":"—","status":"—","corsFlag":"—","simplicity":"—","insight":"—"}
{"timestamp":"2025-07-31T22:00:20.932Z","url":"https://www.coinex.com/res/system/ip/country","method":"GET","origin":"—","status":"—","corsFlag":"—","simplicity":"—","insight":"—"}
{"timestamp":"2025-07-31T22:00:21.163Z","url":"https://www.coinex.com/res/market/","method":"GET","origin":"—","status":"—","corsFlag":"—","simplicity":"—","insight":"—"}
{"timestamp":"2025-07-31T22:00:21.185Z","url":"https://www.coinex.com/res/activity/popup-windows","method":"GET","origin":"—","status":"—","corsFlag":"—","simplicity":"—","insight":"—"}
{"timestamp":"2025-07-31T22:00:21.203Z","url":"https://www.coinex.com/res/quotes/to-online/assets","method":"GET","origin":"—","status":"—","corsFlag":"—","simplicity":"—","insight":"—"}
{"timestamp":"2025-07-31T22:00:21.220Z","url":"https://www.coinex.com/res/market/currency","method":"GET","origin":"—","status":"—","corsFlag":"—","simplicity":"—","insight":"—"}
{"timestamp":"2025-07-31T22:00:21.239Z","url":"https://www.coinex.com/res/wallet/assets","method":"GET","origin":"—","status":"—","corsFlag":"—","simplicity":"—","insight":"—"}
{"timestamp":"2025-07-31T22:00:21.257Z","url":"https://www.coinex.com/res/contract/market/list","method":"GET","origin":"—","status":"—","corsFlag":"—","simplicity":"—","insight":"—"}
{"timestamp":"2025-07-31T22:00:21.403Z","url":"https://www.coinex.com/res/system/user/ip","method":"GET","origin":"—","status":"—","corsFlag":"—","simplicity":"—","insight":"—"}
{"timestamp":"2025-07-31T22:00:21.680Z","url":"https://www.coinex.com/res/operation/dynamic-falling","method":"GET","origin":"—","status":"—","corsFlag":"—","simplicity":"—","insight":"—"}
{"timestamp":"2025-07-31T22:00:21.699Z","url":"https://www.coinex.com/res/system/market","method":"GET","origin":"—","status":"—","corsFlag":"—","simplicity":"—","insight":"—"}
{"timestamp":"2025-07-31T22:00:21.716Z","url":"https://www.coinex.com/res/account/balance/business-types","method":"GET","origin":"—","status":"—","corsFlag":"—","simplicity":"—","insight":"—"}
{"timestamp":"2025-07-31T22:00:21.739Z","url":"https://www.coinex.com/res/vote2/project/idmap","method":"GET","origin":"—","status":"—","corsFlag":"—","simplicity":"—","insight":"—"}
{"timestamp":"2025-07-31T22:00:21.759Z","url":"https://www.coinex.com/res/maintain/temp","method":"GET","origin":"—","status":"—","corsFlag":"—","simplicity":"—","insight":"—"}
{"timestamp":"2025-07-31T22:00:21.784Z","url":"https://www.coinex.com/res/quotes/asset/trending","method":"GET","origin":"—","status":"—","corsFlag":"—","simplicity":"—","insight":"—"}
{"timestamp":"2025-07-31T22:00:21.811Z","url":"https://www.coinex.com/res/app/download/url/","method":"GET","origin":"—","status":"—","corsFlag":"—","simplicity":"—","insight":"—"}
{"timestamp":"2025-07-31T22:00:21.833Z","url":"https://www.coinex.com/res/system/time","method":"GET","origin":"—","status":"—","corsFlag":"—","simplicity":"—","insight":"—"}
{"timestamp":"2025-07-31T22:00:22.193Z","url":"https://www.coinex.com/res/activity/exposure/list","method":"GET","origin":"—","status":"—","corsFlag":"—","simplicity":"—","insight":"—"}
{"timestamp":"2025-07-31T22:00:22.215Z","url":"https://www.coinex.com/res/activity/list","method":"GET","origin":"—","status":"—","corsFlag":"—","simplicity":"—","insight":"—"}
{"timestamp":"2025-07-31T22:00:22.242Z","url":"https://www.coinex.com/res/activity/newbie-zone/activity","method":"GET","origin":"—","status":"—","corsFlag":"—","simplicity":"—","insight":"—"}
{"timestamp":"2025-07-31T22:00:22.259Z","url":"https://www.coinex.com/res/analytics/push-statistic","method":"POST","origin":"—","status":"—","corsFlag":"—","simplicity":"—","insight":"—"}
{"timestamp":"2025-07-31T22:00:22.304Z","url":"https://www.coinex.com/res/p2p/config","method":"GET","origin":"—","status":"—","corsFlag":"—","simplicity":"—","insight":"—"}
{"timestamp":"2025-07-31T22:00:22.347Z","url":"https://ekr.zdassets.com/compose/e193133e-b958-4c12-9fd2-34593675d21c","method":"GET","origin":"—","status":"—","corsFlag":"—","simplicity":"—","insight":"—"}
{"timestamp":"2025-07-31T22:00:22.470Z","url":"https://www.coinex.com/res/system/trade/info","method":"GET","origin":"—","status":"—","corsFlag":"—","simplicity":"—","insight":"—"}
{"timestamp":"2025-07-31T22:00:22.490Z","url":"https://www.coinex.com/res/operation/sns-conf?business=SNS_SITE","method":"GET","origin":"—","status":"—","corsFlag":"—","simplicity":"—","insight":"—"}
{"timestamp":"2025-07-31T22:00:22.538Z","url":"https://coinex.zendesk.com/embeddable/config","method":"GET","origin":"—","status":"—","corsFlag":"—","simplicity":"—","insight":"—"}
{"timestamp":"2025-07-31T22:00:22.684Z","url":"https://www.coinex.com/res/system/user/ip","method":"GET","origin":"—","status":"—","corsFlag":"—","simplicity":"—","insight":"—"}
{"timestamp":"2025-07-31T22:00:22.710Z","url":"https://www.coinex.com/res/system/ip/country?null=","method":"GET","origin":"—","status":"—","corsFlag":"—","simplicity":"—","insight":"—"}
{"timestamp":"2025-07-31T22:00:22.732Z","url":"https://ekr.zdassets.com/compose/e193133e-b958-4c12-9fd2-34593675d21c","method":"GET","origin":"—","status":"—","corsFlag":"—","simplicity":"—","insight":"—"}
{"timestamp":"2025-07-31T22:00:22.757Z","url":"https://coinex.zendesk.com/embeddable/config","method":"GET","origin":"—","status":"—","corsFlag":"—","simplicity":"—","insight":"—"}
{"timestamp":"2025-07-31T22:00:22.789Z","url":"https://www.coinex.com/res/market/","method":"GET","origin":"—","status":"—","corsFlag":"—","simplicity":"—","insight":"—"}
{"timestamp":"2025-07-31T22:00:22.867Z","url":"https://www.coinex.com/res/market/asset/prices?null=","method":"GET","origin":"—","status":"—","corsFlag":"—","simplicity":"—","insight":"—"}
{"timestamp":"2025-07-31T22:00:22.889Z","url":"https://www.coinex.com/res/market/fiat/prices?null=","method":"GET","origin":"—","status":"—","corsFlag":"—","simplicity":"—","insight":"—"}
{"timestamp":"2025-07-31T22:00:22.913Z","url":"https://www.coinex.com/res/activity/list","method":"GET","origin":"—","status":"—","corsFlag":"—","simplicity":"—","insight":"—"}
{"timestamp":"2025-07-31T22:00:22.928Z","url":"https://www.coinex.com/res/activity/coinex-wallet/traffic?platform=WEB","method":"GET","origin":"—","status":"—","corsFlag":"—","simplicity":"—","insight":"—"}
{"timestamp":"2025-07-31T22:00:22.947Z","url":"https://www.coinex.com/res/wallet/assets","method":"GET","origin":"—","status":"—","corsFlag":"—","simplicity":"—","insight":"—"}
{"timestamp":"2025-07-31T22:00:22.964Z","url":"https://www.coinex.com/res/operation/dynamic-falling","method":"GET","origin":"—","status":"—","corsFlag":"—","simplicity":"—","insight":"—"}
{"timestamp":"2025-07-31T22:00:22.991Z","url":"https://www.coinex.com/res/activity/exposure/list","method":"GET","origin":"—","status":"—","corsFlag":"—","simplicity":"—","insight":"—"}
{"timestamp":"2025-07-31T22:00:23.015Z","url":"https://www.coinex.com/res/market/currency","method":"GET","origin":"—","status":"—","corsFlag":"—","simplicity":"—","insight":"—"}
{"timestamp":"2025-07-31T22:00:23.043Z","url":"https://www.coinex.com/res/information/support","method":"GET","origin":"—","status":"—","corsFlag":"—","simplicity":"—","insight":"—"}
{"timestamp":"2025-07-31T22:00:23.118Z","url":"https://coinex.zendesk.com/embeddable/config","method":"GET","origin":"—","status":"—","corsFlag":"—","simplicity":"—","insight":"—"}
{"timestamp":"2025-07-31T22:00:23.255Z","url":"https://coinex.zendesk.com/frontendevents/pv?client=1B752747-577B-429A-A0E0-83861AF69088","method":"OPTIONS","origin":"—","status":"—","corsFlag":"—","simplicity":"—","insight":"—"}
{"timestamp":"2025-07-31T22:00:23.288Z","url":"https://coinex.zendesk.com/frontendevents/pv?client=1B752747-577B-429A-A0E0-83861AF69088","method":"OPTIONS","origin":"—","status":"—","corsFlag":"—","simplicity":"—","insight":"—"}
{"timestamp":"2025-07-31T22:00:23.436Z","url":"https://www.coinex.com/res/operation/dynamic-falling","method":"GET","origin":"—","status":"—","corsFlag":"—","simplicity":"—","insight":"—"}
{"timestamp":"2025-07-31T22:00:23.452Z","url":"https://www.coinex.com/res/information/support","method":"GET","origin":"—","status":"—","corsFlag":"—","simplicity":"—","insight":"—"}
{"timestamp":"2025-07-31T22:00:23.478Z","url":"https://www.coinex.com/res/system/time","method":"GET","origin":"—","status":"—","corsFlag":"—","simplicity":"—","insight":"—"}
{"timestamp":"2025-07-31T22:00:23.509Z","url":"https://www.google-analytics.com/g/collect?v=2&tid=G-2DQ66G4TCR&gtm=45je57u1h1v876629130za200zd876629130&_p=1753999222218&gcs=G100&gcd=13p3p3p3p5l1&npa=1&dma_cps=-&dma=0&tag_exp=101509157~103116026~103200004~103233427~104684208~104684211~104948813~105103161~105103163&cid=244829996.1753999223&ul=en-us&are=1&frm=1&pscdl=denied&_geo=1&_rdi=1&_s=1&sid=1753999222&sct=1&seg=0&dl=https%3A%2F%2Fwww.coinex.com%2Fv3%2Fen%2F&dr=https%3A%2F%2Fwww.coinex.com%2Fen%2F&dt=CoinEx%20-%20The%20Global%20Cryptocurrency%20Exchange&en=page_view&_fv=1&_nsi=1&_ss=1&_ee=1&tfd=2160","method":"POST","origin":"—","status":"—","corsFlag":"—","simplicity":"—","insight":"—"}
{"timestamp":"2025-07-31T22:00:23.674Z","url":"https://coinex.zendesk.com/frontendevents/pv?client=1B752747-577B-429A-A0E0-83861AF69088","method":"POST","origin":"—","status":"—","corsFlag":"—","simplicity":"—","insight":"—"}
{"timestamp":"2025-07-31T22:00:23.687Z","url":"https://coinex.zendesk.com/embeddable/config","method":"GET","origin":"—","status":"—","corsFlag":"—","simplicity":"—","insight":"—"}
{"timestamp":"2025-07-31T22:00:23.841Z","url":"https://coinex.zendesk.com/frontendevents/pv?client=1B752747-577B-429A-A0E0-83861AF69088","method":"POST","origin":"—","status":"—","corsFlag":"—","simplicity":"—","insight":"—"}
{"timestamp":"2025-07-31T22:00:24.570Z","url":"https://www.coinex.com/res/system/trade/info","method":"GET","origin":"—","status":"—","corsFlag":"—","simplicity":"—","insight":"—"}
{"timestamp":"2025-07-31T22:00:24.834Z","url":"https://www.coinex.com/res/operation/sns-conf?business=SNS_SITE","method":"GET","origin":"—","status":"—","corsFlag":"—","simplicity":"—","insight":"—"}
{"timestamp":"2025-07-31T22:00:27.327Z","url":"https://www.google-analytics.com/g/collect?v=2&tid=G-2DQ66G4TCR&gtm=45je57u1v876629130za200zd876629130&_p=1753999220359&gcd=13l3l3l3l1l1&npa=0&dma=0&tag_exp=101509157~103116026~103200004~103233427~104684208~104684211~104948813~105103161~105103163~105113532&cid=731721645.1753997201&ul=en-us&are=1&frm=0&pscdl=noapi&_eu=AAAAAAQ&_geo=1&_rdi=1&_s=1&sid=1753997200&sct=1&seg=1&dl=https%3A%2F%2Fwww.coinex.com%2Fen%2F&dt=CoinEx%20-%20Global%20Crypto%20Exchange&dp=%2Fen%2F&en=page_view&_ee=1&ep.anonymize_ip=true&_et=1&tfd=9058","method":"POST","origin":"—","status":"—","corsFlag":"—","simplicity":"—","insight":"—"}
{"timestamp":"2025-07-31T22:00:31.565Z","url":"https://www.coinex.com/res/maintain/temp","method":"GET","origin":"—","status":"—","corsFlag":"—","simplicity":"—","insight":"—"}
{"timestamp":"2025-07-31T22:00:41.661Z","url":"https://www.coinex.com/res/maintain/temp","method":"GET","origin":"—","status":"—","corsFlag":"—","simplicity":"—","insight":"—"}
{"timestamp":"2025-07-31T22:00:51.567Z","url":"https://www.coinex.com/res/maintain/temp","method":"GET","origin":"—","status":"—","corsFlag":"—","simplicity":"—","insight":"—"}
{"timestamp":"2025-07-31T22:01:01.555Z","url":"https://www.coinex.com/res/maintain/temp","method":"GET","origin":"—","status":"—","corsFlag":"—","simplicity":"—","insight":"—"}
{"timestamp":"2025-07-31T22:01:11.582Z","url":"https://www.coinex.com/res/maintain/temp","method":"GET","origin":"—","status":"—","corsFlag":"—","simplicity":"—","insight":"—"}
{"timestamp":"2025-07-31T22:01:21.578Z","url":"https://www.coinex.com/res/maintain/temp","method":"GET","origin":"—","status":"—","corsFlag":"—","simplicity":"—","insight":"—"}
{"timestamp":"2025-07-31T22:01:31.703Z","url":"https://www.coinex.com/res/maintain/temp","method":"GET","origin":"—","status":"—","corsFlag":"—","simplicity":"—","insight":"—"}
{"timestamp":"2025-07-31T22:02:31.603Z","url":"https://www.coinex.com/res/maintain/temp","method":"GET","origin":"—","status":"—","corsFlag":"—","simplicity":"—","insight":"—"}
{"timestamp":"2025-07-31T22:08:07.364Z","url":"https://ekr.zdassets.com/compose/e193133e-b958-4c12-9fd2-34593675d21c","method":"GET","origin":"—","status":"—","corsFlag":"—","simplicity":"—","insight":"—"}
{"timestamp":"2025-07-31T22:08:07.467Z","url":"https://www.coinex.com/res/system/user/ip","method":"GET","origin":"—","status":"—","corsFlag":"—","simplicity":"—","insight":"—"}
{"timestamp":"2025-07-31T22:08:07.620Z","url":"https://www.coinex.com/res/market/fiat/prices","method":"GET","origin":"—","status":"—","corsFlag":"—","simplicity":"—","insight":"—"}
{"timestamp":"2025-07-31T22:08:07.694Z","url":"https://www.coinex.com/res/market/","method":"GET","origin":"—","status":"—","corsFlag":"—","simplicity":"—","insight":"—"}
{"timestamp":"2025-07-31T22:08:07.717Z","url":"https://www.coinex.com/res/system/ip/country","method":"GET","origin":"—","status":"—","corsFlag":"—","simplicity":"—","insight":"—"}
{"timestamp":"2025-07-31T22:08:07.733Z","url":"https://www.coinex.com/res/market/asset/prices","method":"GET","origin":"—","status":"—","corsFlag":"—","simplicity":"—","insight":"—"}
{"timestamp":"2025-07-31T22:08:07.762Z","url":"https://www.coinex.com/res/activity/popup-windows","method":"GET","origin":"—","status":"—","corsFlag":"—","simplicity":"—","insight":"—"}
{"timestamp":"2025-07-31T22:08:07.782Z","url":"https://www.coinex.com/res/system/market","method":"GET","origin":"—","status":"—","corsFlag":"—","simplicity":"—","insight":"—"}
{"timestamp":"2025-07-31T22:08:07.799Z","url":"https://www.coinex.com/res/vote2/project/idmap","method":"GET","origin":"—","status":"—","corsFlag":"—","simplicity":"—","insight":"—"}
{"timestamp":"2025-07-31T22:08:07.823Z","url":"https://www.coinex.com/res/quotes/asset/trending","method":"GET","origin":"—","status":"—","corsFlag":"—","simplicity":"—","insight":"—"}
{"timestamp":"2025-07-31T22:08:07.843Z","url":"https://www.coinex.com/res/maintain/temp","method":"GET","origin":"—","status":"—","corsFlag":"—","simplicity":"—","insight":"—"}
{"timestamp":"2025-07-31T22:08:07.875Z","url":"https://www.coinex.com/res/market/currency","method":"GET","origin":"—","status":"—","corsFlag":"—","simplicity":"—","insight":"—"}
{"timestamp":"2025-07-31T22:08:07.903Z","url":"https://www.coinex.com/res/quotes/to-online/assets","method":"GET","origin":"—","status":"—","corsFlag":"—","simplicity":"—","insight":"—"}
{"timestamp":"2025-07-31T22:08:07.931Z","url":"https://www.coinex.com/res/wallet/assets","method":"GET","origin":"—","status":"—","corsFlag":"—","simplicity":"—","insight":"—"}
{"timestamp":"2025-07-31T22:08:07.957Z","url":"https://www.coinex.com/res/app/download/url/","method":"GET","origin":"—","status":"—","corsFlag":"—","simplicity":"—","insight":"—"}
{"timestamp":"2025-07-31T22:08:07.978Z","url":"https://www.coinex.com/res/contract/market/list","method":"GET","origin":"—","status":"—","corsFlag":"—","simplicity":"—","insight":"—"}
{"timestamp":"2025-07-31T22:08:08.327Z","url":"https://www.coinex.com/res/account/balance/business-types","method":"GET","origin":"—","status":"—","corsFlag":"—","simplicity":"—","insight":"—"}
{"timestamp":"2025-07-31T22:08:08.345Z","url":"https://coinex.zendesk.com/embeddable/config","method":"GET","origin":"—","status":"—","corsFlag":"—","simplicity":"—","insight":"—"}
{"timestamp":"2025-07-31T22:08:08.958Z","url":"https://www.coinex.com/res/system/ip/country?null=","method":"GET","origin":"—","status":"—","corsFlag":"—","simplicity":"—","insight":"—"}
{"timestamp":"2025-07-31T22:08:09.013Z","url":"https://www.coinex.com/res/market/fiat/prices?null=","method":"GET","origin":"—","status":"—","corsFlag":"—","simplicity":"—","insight":"—"}
{"timestamp":"2025-07-31T22:08:09.026Z","url":"https://www.coinex.com/res/market/asset/prices?null=","method":"GET","origin":"—","status":"—","corsFlag":"—","simplicity":"—","insight":"—"}
{"timestamp":"2025-07-31T22:08:09.045Z","url":"https://www.coinex.com/res/activity/list","method":"GET","origin":"—","status":"—","corsFlag":"—","simplicity":"—","insight":"—"}
{"timestamp":"2025-07-31T22:08:09.058Z","url":"https://www.coinex.com/res/activity/exposure/list","method":"GET","origin":"—","status":"—","corsFlag":"—","simplicity":"—","insight":"—"}
{"timestamp":"2025-07-31T22:08:09.092Z","url":"https://www.coinex.com/res/market/currency","method":"GET","origin":"—","status":"—","corsFlag":"—","simplicity":"—","insight":"—"}
{"timestamp":"2025-07-31T22:08:09.124Z","url":"https://www.coinex.com/res/system/user/ip","method":"GET","origin":"—","status":"—","corsFlag":"—","simplicity":"—","insight":"—"}
{"timestamp":"2025-07-31T22:08:09.148Z","url":"https://coinex.zendesk.com/frontendevents/pv?client=1B752747-577B-429A-A0E0-83861AF69088","method":"OPTIONS","origin":"—","status":"—","corsFlag":"—","simplicity":"—","insight":"—"}
{"timestamp":"2025-07-31T22:08:09.174Z","url":"https://www.coinex.com/res/wallet/assets","method":"GET","origin":"—","status":"—","corsFlag":"—","simplicity":"—","insight":"—"}
{"timestamp":"2025-07-31T22:08:09.510Z","url":"https://coinex.zendesk.com/frontendevents/pv?client=1B752747-577B-429A-A0E0-83861AF69088","method":"POST","origin":"—","status":"—","corsFlag":"—","simplicity":"—","insight":"—"}
{"timestamp":"2025-07-31T22:08:09.534Z","url":"https://www.coinex.com/res/market/","method":"GET","origin":"—","status":"—","corsFlag":"—","simplicity":"—","insight":"—"}
{"timestamp":"2025-07-31T22:08:09.642Z","url":"https://www.coinex.com/res/information/support","method":"GET","origin":"—","status":"—","corsFlag":"—","simplicity":"—","insight":"—"}
{"timestamp":"2025-07-31T22:08:09.746Z","url":"https://www.coinex.com/res/system/time","method":"GET","origin":"—","status":"—","corsFlag":"—","simplicity":"—","insight":"—"}
{"timestamp":"2025-07-31T22:08:09.766Z","url":"https://www.coinex.com/res/operation/dynamic-falling","method":"GET","origin":"—","status":"—","corsFlag":"—","simplicity":"—","insight":"—"}
{"timestamp":"2025-07-31T22:08:09.781Z","url":"https://www.coinex.com/res/activity/list","method":"GET","origin":"—","status":"—","corsFlag":"—","simplicity":"—","insight":"—"}
{"timestamp":"2025-07-31T22:08:09.798Z","url":"https://www.coinex.com/res/analytics/push-statistic","method":"POST","origin":"—","status":"—","corsFlag":"—","simplicity":"—","insight":"—"}
{"timestamp":"2025-07-31T22:08:09.818Z","url":"https://www.coinex.com/res/activity/exposure/list","method":"GET","origin":"—","status":"—","corsFlag":"—","simplicity":"—","insight":"—"}
{"timestamp":"2025-07-31T22:08:09.835Z","url":"https://www.coinex.com/res/activity/newbie-zone/activity","method":"GET","origin":"—","status":"—","corsFlag":"—","simplicity":"—","insight":"—"}
{"timestamp":"2025-07-31T22:08:09.860Z","url":"https://www.coinex.com/res/operation/sns-conf?business=SNS_SITE","method":"GET","origin":"—","status":"—","corsFlag":"—","simplicity":"—","insight":"—"}
{"timestamp":"2025-07-31T22:08:09.900Z","url":"https://www.coinex.com/res/p2p/config","method":"GET","origin":"—","status":"—","corsFlag":"—","simplicity":"—","insight":"—"}
{"timestamp":"2025-07-31T22:08:09.925Z","url":"https://ekr.zdassets.com/compose/e193133e-b958-4c12-9fd2-34593675d21c","method":"GET","origin":"—","status":"—","corsFlag":"—","simplicity":"—","insight":"—"}
{"timestamp":"2025-07-31T22:08:10.128Z","url":"https://www.coinex.com/res/operation/dynamic-falling","method":"GET","origin":"—","status":"—","corsFlag":"—","simplicity":"—","insight":"—"}
{"timestamp":"2025-07-31T22:08:10.147Z","url":"https://coinex.zendesk.com/embeddable/config","method":"GET","origin":"—","status":"—","corsFlag":"—","simplicity":"—","insight":"—"}
{"timestamp":"2025-07-31T22:08:10.292Z","url":"https://www.coinex.com/res/system/trade/info","method":"GET","origin":"—","status":"—","corsFlag":"—","simplicity":"—","insight":"—"}
{"timestamp":"2025-07-31T22:08:10.314Z","url":"https://www.coinex.com/res/activity/coinex-wallet/traffic?platform=WEB","method":"GET","origin":"—","status":"—","corsFlag":"—","simplicity":"—","insight":"—"}
{"timestamp":"2025-07-31T22:08:10.399Z","url":"https://coinex.zendesk.com/frontendevents/pv?client=1B752747-577B-429A-A0E0-83861AF69088","method":"POST","origin":"—","status":"—","corsFlag":"—","simplicity":"—","insight":"—"}
{"timestamp":"2025-07-31T22:08:10.422Z","url":"https://www.coinex.com/res/information/support","method":"GET","origin":"—","status":"—","corsFlag":"—","simplicity":"—","insight":"—"}
{"timestamp":"2025-07-31T22:08:10.569Z","url":"https://www.coinex.com/res/system/time","method":"GET","origin":"—","status":"—","corsFlag":"—","simplicity":"—","insight":"—"}
{"timestamp":"2025-07-31T22:08:11.698Z","url":"https://www.google-analytics.com/g/collect?v=2&tid=G-2DQ66G4TCR&gtm=45je57u1v876629130za200zd876629130&_p=1753999688520&gcs=G100&gcd=13p3p3p3p5l1&npa=1&dma_cps=-&dma=0&tag_exp=101509157~103116026~103200004~103233427~104573694~104684208~104684211~104948813~105087538~105087540~105103161~105103163&cid=74569432.1753999691&ul=en-us&are=1&frm=1&pscdl=denied&_geo=1&_rdi=1&_s=1&sid=1753999690&sct=1&seg=0&dl=https%3A%2F%2Fwww.coinex.com%2Fv3%2Fen%2F&dr=https%3A%2F%2Fwww.coinex.com%2Fen%2F&dt=CoinEx%20-%20The%20Global%20Cryptocurrency%20Exchange&en=page_view&_fv=1&_nsi=1&_ss=1&_ee=1&tfd=3950","method":"POST","origin":"—","status":"—","corsFlag":"—","simplicity":"—","insight":"—"}
{"timestamp":"2025-07-31T22:08:11.729Z","url":"https://www.coinex.com/res/system/trade/info","method":"GET","origin":"—","status":"—","corsFlag":"—","simplicity":"—","insight":"—"}
{"timestamp":"2025-07-31T22:08:11.761Z","url":"https://www.coinex.com/res/operation/sns-conf?business=SNS_SITE","method":"GET","origin":"—","status":"—","corsFlag":"—","simplicity":"—","insight":"—"}
{"timestamp":"2025-07-31T22:08:14.504Z","url":"https://www.google-analytics.com/g/collect?v=2&tid=G-2DQ66G4TCR&gtm=45je57u1v876629130za200zd876629130&_p=1753999686895&gcd=13l3l3l3l1l1&npa=0&dma=0&tag_exp=101509157~103116026~103200004~103233427~104684208~104684211~104948813~105087538~105087540~105103161~105103163&cid=731721645.1753997201&ul=en-us&are=1&frm=0&pscdl=noapi&_eu=AAAAAAQ&_geo=1&_rdi=1&_s=1&sid=1753997200&sct=1&seg=1&dl=https%3A%2F%2Fwww.coinex.com%2Fen%2F&dt=CoinEx%20-%20Global%20Crypto%20Exchange&dp=%2Fen%2F&en=page_view&_ee=1&ep.anonymize_ip=true&tfd=10254","method":"POST","origin":"—","status":"—","corsFlag":"—","simplicity":"—","insight":"—"}
{"timestamp":"2025-07-31T22:08:18.724Z","url":"https://www.coinex.com/res/maintain/temp","method":"GET","origin":"—","status":"—","corsFlag":"—","simplicity":"—","insight":"—"}
{"timestamp":"2025-07-31T22:08:28.655Z","url":"https://www.coinex.com/res/maintain/temp","method":"GET","origin":"—","status":"—","corsFlag":"—","simplicity":"—","insight":"—"}
{"timestamp":"2025-07-31T22:08:38.583Z","url":"https://www.coinex.com/res/maintain/temp","method":"GET","origin":"—","status":"—","corsFlag":"—","simplicity":"—","insight":"—"}
{"timestamp":"2025-07-31T22:08:48.694Z","url":"https://www.coinex.com/res/maintain/temp","method":"GET","origin":"—","status":"—","corsFlag":"—","simplicity":"—","insight":"—"}
{"timestamp":"2025-07-31T22:08:58.552Z","url":"https://www.coinex.com/res/maintain/temp","method":"GET","origin":"—","status":"—","corsFlag":"—","simplicity":"—","insight":"—"}
{"timestamp":"2025-07-31T22:09:08.696Z","url":"https://www.coinex.com/res/maintain/temp","method":"GET","origin":"—","status":"—","corsFlag":"—","simplicity":"—","insight":"—"}
{"timestamp":"2025-07-31T22:09:18.663Z","url":"https://www.coinex.com/res/maintain/temp","method":"GET","origin":"—","status":"—","corsFlag":"—","simplicity":"—","insight":"—"}
{"timestamp":"2025-07-31T22:09:28.688Z","url":"https://www.coinex.com/res/maintain/temp","method":"GET","origin":"—","status":"—","corsFlag":"—","simplicity":"—","insight":"—"}
{"timestamp":"2025-07-31T22:09:38.674Z","url":"https://www.coinex.com/res/maintain/temp","method":"GET","origin":"—","status":"—","corsFlag":"—","simplicity":"—","insight":"—"}
{"timestamp":"2025-07-31T22:09:47.793Z","url":"https://www.coinex.com/res/maintain/temp","method":"GET","origin":"—","status":"—","corsFlag":"—","simplicity":"—","insight":"—"}
{"timestamp":"2025-07-31T22:11:43.901Z","url":"https://ekr.zdassets.com/compose/e193133e-b958-4c12-9fd2-34593675d21c","method":"GET","origin":"—","status":"—","corsFlag":"—","simplicity":"—","insight":"—"}
{"timestamp":"2025-07-31T22:11:44.120Z","url":"https://www.coinex.com/res/system/user/ip","method":"GET","origin":"—","status":"—","corsFlag":"—","simplicity":"—","insight":"—"}
{"timestamp":"2025-07-31T22:11:44.136Z","url":"https://www.coinex.com/res/system/ip/country","method":"GET","origin":"—","status":"—","corsFlag":"—","simplicity":"—","insight":"—"}
{"timestamp":"2025-07-31T22:11:44.168Z","url":"https://www.coinex.com/res/market/fiat/prices","method":"GET","origin":"—","status":"—","corsFlag":"—","simplicity":"—","insight":"—"}
{"timestamp":"2025-07-31T22:11:44.319Z","url":"https://www.coinex.com/res/market/asset/prices","method":"GET","origin":"—","status":"—","corsFlag":"—","simplicity":"—","insight":"—"}
{"timestamp":"2025-07-31T22:11:44.595Z","url":"https://www.coinex.com/res/market/","method":"GET","origin":"—","status":"—","corsFlag":"—","simplicity":"—","insight":"—"}
{"timestamp":"2025-07-31T22:11:44.619Z","url":"https://www.coinex.com/res/system/market","method":"GET","origin":"—","status":"—","corsFlag":"—","simplicity":"—","insight":"—"}
{"timestamp":"2025-07-31T22:11:44.637Z","url":"https://www.coinex.com/res/activity/popup-windows","method":"GET","origin":"—","status":"—","corsFlag":"—","simplicity":"—","insight":"—"}
{"timestamp":"2025-07-31T22:11:44.658Z","url":"https://www.coinex.com/res/quotes/asset/trending","method":"GET","origin":"—","status":"—","corsFlag":"—","simplicity":"—","insight":"—"}
{"timestamp":"2025-07-31T22:11:44.677Z","url":"https://www.coinex.com/res/quotes/to-online/assets","method":"GET","origin":"—","status":"—","corsFlag":"—","simplicity":"—","insight":"—"}
{"timestamp":"2025-07-31T22:11:44.694Z","url":"https://www.coinex.com/res/market/currency","method":"GET","origin":"—","status":"—","corsFlag":"—","simplicity":"—","insight":"—"}
{"timestamp":"2025-07-31T22:11:44.713Z","url":"https://www.coinex.com/res/vote2/project/idmap","method":"GET","origin":"—","status":"—","corsFlag":"—","simplicity":"—","insight":"—"}
{"timestamp":"2025-07-31T22:11:44.729Z","url":"https://www.coinex.com/res/contract/market/list","method":"GET","origin":"—","status":"—","corsFlag":"—","simplicity":"—","insight":"—"}
{"timestamp":"2025-07-31T22:11:44.747Z","url":"https://www.coinex.com/res/maintain/temp","method":"GET","origin":"—","status":"—","corsFlag":"—","simplicity":"—","insight":"—"}
{"timestamp":"2025-07-31T22:11:44.774Z","url":"https://www.coinex.com/res/app/download/url/","method":"GET","origin":"—","status":"—","corsFlag":"—","simplicity":"—","insight":"—"}
{"timestamp":"2025-07-31T22:11:44.799Z","url":"https://www.coinex.com/res/wallet/assets","method":"GET","origin":"—","status":"—","corsFlag":"—","simplicity":"—","insight":"—"}
{"timestamp":"2025-07-31T22:11:44.823Z","url":"https://www.coinex.com/res/operation/dynamic-falling","method":"GET","origin":"—","status":"—","corsFlag":"—","simplicity":"—","insight":"—"}
{"timestamp":"2025-07-31T22:11:44.841Z","url":"https://www.coinex.com/res/system/time","method":"GET","origin":"—","status":"—","corsFlag":"—","simplicity":"—","insight":"—"}
{"timestamp":"2025-07-31T22:11:45.109Z","url":"https://www.coinex.com/res/account/balance/business-types","method":"GET","origin":"—","status":"—","corsFlag":"—","simplicity":"—","insight":"—"}
{"timestamp":"2025-07-31T22:11:45.227Z","url":"https://www.coinex.com/res/activity/newbie-zone/activity","method":"GET","origin":"—","status":"—","corsFlag":"—","simplicity":"—","insight":"—"}
{"timestamp":"2025-07-31T22:11:45.249Z","url":"https://www.coinex.com/res/activity/list","method":"GET","origin":"—","status":"—","corsFlag":"—","simplicity":"—","insight":"—"}
{"timestamp":"2025-07-31T22:11:45.282Z","url":"https://www.coinex.com/res/activity/exposure/list","method":"GET","origin":"—","status":"—","corsFlag":"—","simplicity":"—","insight":"—"}
{"timestamp":"2025-07-31T22:11:45.478Z","url":"https://www.coinex.com/res/system/trade/info","method":"GET","origin":"—","status":"—","corsFlag":"—","simplicity":"—","insight":"—"}
{"timestamp":"2025-07-31T22:11:45.510Z","url":"https://www.coinex.com/res/operation/sns-conf?business=SNS_SITE","method":"GET","origin":"—","status":"—","corsFlag":"—","simplicity":"—","insight":"—"}
{"timestamp":"2025-07-31T22:11:45.529Z","url":"https://ekr.zdassets.com/compose/e193133e-b958-4c12-9fd2-34593675d21c","method":"GET","origin":"—","status":"—","corsFlag":"—","simplicity":"—","insight":"—"}
{"timestamp":"2025-07-31T22:11:45.560Z","url":"https://www.coinex.com/res/system/ip/country?null=","method":"GET","origin":"—","status":"—","corsFlag":"—","simplicity":"—","insight":"—"}
{"timestamp":"2025-07-31T22:11:45.581Z","url":"https://www.coinex.com/res/market/fiat/prices?null=","method":"GET","origin":"—","status":"—","corsFlag":"—","simplicity":"—","insight":"—"}
{"timestamp":"2025-07-31T22:11:45.605Z","url":"https://www.coinex.com/res/system/user/ip","method":"GET","origin":"—","status":"—","corsFlag":"—","simplicity":"—","insight":"—"}
{"timestamp":"2025-07-31T22:11:45.620Z","url":"https://www.coinex.com/res/market/currency","method":"GET","origin":"—","status":"—","corsFlag":"—","simplicity":"—","insight":"—"}
{"timestamp":"2025-07-31T22:11:45.655Z","url":"https://www.coinex.com/res/wallet/assets","method":"GET","origin":"—","status":"—","corsFlag":"—","simplicity":"—","insight":"—"}
{"timestamp":"2025-07-31T22:11:45.672Z","url":"https://www.coinex.com/res/market/asset/prices?null=","method":"GET","origin":"—","status":"—","corsFlag":"—","simplicity":"—","insight":"—"}
{"timestamp":"2025-07-31T22:11:45.688Z","url":"https://www.coinex.com/res/information/support","method":"GET","origin":"—","status":"—","corsFlag":"—","simplicity":"—","insight":"—"}
{"timestamp":"2025-07-31T22:11:45.706Z","url":"https://www.coinex.com/res/activity/list","method":"GET","origin":"—","status":"—","corsFlag":"—","simplicity":"—","insight":"—"}
{"timestamp":"2025-07-31T22:11:45.737Z","url":"https://www.coinex.com/res/operation/dynamic-falling","method":"GET","origin":"—","status":"—","corsFlag":"—","simplicity":"—","insight":"—"}
{"timestamp":"2025-07-31T22:11:45.773Z","url":"https://www.coinex.com/res/analytics/push-statistic","method":"POST","origin":"—","status":"—","corsFlag":"—","simplicity":"—","insight":"—"}
{"timestamp":"2025-07-31T22:11:45.809Z","url":"https://www.coinex.com/res/activity/exposure/list","method":"GET","origin":"—","status":"—","corsFlag":"—","simplicity":"—","insight":"—"}
{"timestamp":"2025-07-31T22:11:45.838Z","url":"https://www.coinex.com/res/market/","method":"GET","origin":"—","status":"—","corsFlag":"—","simplicity":"—","insight":"—"}
{"timestamp":"2025-07-31T22:11:45.857Z","url":"https://www.coinex.com/res/activity/coinex-wallet/traffic?platform=WEB","method":"GET","origin":"—","status":"—","corsFlag":"—","simplicity":"—","insight":"—"}
{"timestamp":"2025-07-31T22:11:45.900Z","url":"https://www.coinex.com/res/p2p/config","method":"GET","origin":"—","status":"—","corsFlag":"—","simplicity":"—","insight":"—"}
{"timestamp":"2025-07-31T22:11:45.937Z","url":"https://coinex.zendesk.com/embeddable/config","method":"GET","origin":"—","status":"—","corsFlag":"—","simplicity":"—","insight":"—"}
{"timestamp":"2025-07-31T22:11:46.057Z","url":"https://www.coinex.com/res/information/support","method":"GET","origin":"—","status":"—","corsFlag":"—","simplicity":"—","insight":"—"}
{"timestamp":"2025-07-31T22:11:46.084Z","url":"https://www.coinex.com/res/operation/dynamic-falling","method":"GET","origin":"—","status":"—","corsFlag":"—","simplicity":"—","insight":"—"}
{"timestamp":"2025-07-31T22:11:46.204Z","url":"https://www.coinex.com/res/system/time","method":"GET","origin":"—","status":"—","corsFlag":"—","simplicity":"—","insight":"—"}
{"timestamp":"2025-07-31T22:11:46.473Z","url":"https://www.google-analytics.com/g/collect?v=2&tid=G-2DQ66G4TCR&gtm=45je57u1v876629130za200zd876629130&_p=1753999905116&gcs=G100&gcd=13p3p3p3p5l1&npa=1&dma_cps=-&dma=0&tag_exp=101509157~103116026~103200004~103233427~104573694~104684208~104684211~104948813~105087538~105087540~105103161~105103163&cid=432699681.1753999906&ul=en-us&are=1&frm=1&pscdl=denied&_geo=1&_rdi=1&_s=1&sid=1753999905&sct=1&seg=0&dl=https%3A%2F%2Fwww.coinex.com%2Fv3%2Fen%2F&dr=https%3A%2F%2Fwww.coinex.com%2Fen%2F&dt=CoinEx%20-%20The%20Global%20Cryptocurrency%20Exchange&en=page_view&_fv=1&_nsi=1&_ss=1&_ee=1&tfd=2027","method":"POST","origin":"—","status":"—","corsFlag":"—","simplicity":"—","insight":"—"}
{"timestamp":"2025-07-31T22:11:46.570Z","url":"https://coinex.zendesk.com/embeddable/config","method":"GET","origin":"—","status":"—","corsFlag":"—","simplicity":"—","insight":"—"}
{"timestamp":"2025-07-31T22:11:46.740Z","url":"https://coinex.zendesk.com/frontendevents/pv?client=1B752747-577B-429A-A0E0-83861AF69088","method":"OPTIONS","origin":"—","status":"—","corsFlag":"—","simplicity":"—","insight":"—"}
{"timestamp":"2025-07-31T22:11:46.815Z","url":"https://www.coinex.com/res/operation/sns-conf?business=SNS_SITE","method":"GET","origin":"—","status":"—","corsFlag":"—","simplicity":"—","insight":"—"}
{"timestamp":"2025-07-31T22:11:46.838Z","url":"https://coinex.zendesk.com/embeddable/config","method":"GET","origin":"—","status":"—","corsFlag":"—","simplicity":"—","insight":"—"}
{"timestamp":"2025-07-31T22:11:46.916Z","url":"https://www.coinex.com/res/system/trade/info","method":"GET","origin":"—","status":"—","corsFlag":"—","simplicity":"—","insight":"—"}
{"timestamp":"2025-07-31T22:11:47.121Z","url":"https://coinex.zendesk.com/frontendevents/pv?client=1B752747-577B-429A-A0E0-83861AF69088","method":"POST","origin":"—","status":"—","corsFlag":"—","simplicity":"—","insight":"—"}
{"timestamp":"2025-07-31T22:11:47.671Z","url":"https://coinex.zendesk.com/frontendevents/pv?client=1B752747-577B-429A-A0E0-83861AF69088","method":"POST","origin":"—","status":"—","corsFlag":"—","simplicity":"—","insight":"—"}
{"timestamp":"2025-07-31T22:11:49.421Z","url":"https://www.google-analytics.com/g/collect?v=2&tid=G-2DQ66G4TCR&gtm=45je57u1v876629130za200zd876629130&_p=1753999903705&gcd=13l3l3l3l1l1&npa=0&dma=0&tag_exp=101509157~103116026~103200004~103233427~104684208~104684211~104948813~105087538~105087540~105103161~105103163&cid=731721645.1753997201&ul=en-us&are=1&frm=0&pscdl=noapi&_eu=AAAAAAQ&_geo=1&_rdi=1&_s=1&sid=1753997200&sct=1&seg=1&dl=https%3A%2F%2Fwww.coinex.com%2Fen%2F&dt=CoinEx%20-%20Global%20Crypto%20Exchange&dp=%2Fen%2F&en=page_view&_ee=1&ep.anonymize_ip=true&_et=4&tfd=7511","method":"POST","origin":"—","status":"—","corsFlag":"—","simplicity":"—","insight":"—"}
{"timestamp":"2025-07-31T22:11:50.521Z","url":"https://www.google-analytics.com/g/collect?v=2&tid=G-2DQ66G4TCR&gtm=45je57u1v876629130za200zd876629130&_p=1753999903705&gcd=13l3l3l3l1l1&npa=0&dma=0&tag_exp=101509157~103116026~103200004~103233427~104684208~104684211~104948813~105087538~105087540~105103161~105103163&cid=731721645.1753997201&ul=en-us&are=1&frm=0&pscdl=noapi&_eu=AAAAAAQ&_geo=1&_rdi=1&_s=2&sid=1753997200&sct=1&seg=1&dl=https%3A%2F%2Fwww.coinex.com%2Fen%2F&dt=CoinEx%20-%20Global%20Crypto%20Exchange&dp=%2Fen%2F&en=user_engagement&ep.anonymize_ip=true&_et=3239&tfd=8797","method":"POST","origin":"—","status":"—","corsFlag":"—","simplicity":"—","insight":"—"}
{"timestamp":"2025-07-31T22:14:46.467Z","url":"https://0ac300810466e3058508c38000fd005a.web-security-academy.net/accountDetails","method":"GET","origin":"—","status":"—","corsFlag":"—","simplicity":"—","insight":"—"}
{"timestamp":"2025-07-31T22:15:27.894Z","url":"https://0ac300810466e3058508c38000fd005a.web-security-academy.net/accountDetails","method":"GET","origin":"—","status":"—","corsFlag":"—","simplicity":"—","insight":"—"}
{"timestamp":"2025-07-31T22:15:45.516Z","url":"https://0ac300810466e3058508c38000fd005a.web-security-academy.net/accountDetails","method":"GET","origin":"—","status":"—","corsFlag":"—","simplicity":"—","insight":"—"}
{"timestamp":"2025-07-31T22:16:46.802Z","url":"https://0ac300810466e3058508c38000fd005a.web-security-academy.net/accountDetails","method":"GET","origin":"—","status":"—","corsFlag":"—","simplicity":"—","insight":"—"}
{"timestamp":"2025-07-31T22:21:10.107Z","url":"https://www.coinex.com/res/market/fiat/prices","method":"GET","origin":"—","status":"—","corsFlag":"—","simplicity":"—","insight":"—"}
{"timestamp":"2025-07-31T22:21:10.174Z","url":"https://www.coinex.com/res/market/asset/prices","method":"GET","origin":"—","status":"—","corsFlag":"—","simplicity":"—","insight":"—"}
{"timestamp":"2025-07-31T22:21:10.355Z","url":"https://www.coinex.com/res/market/","method":"GET","origin":"—","status":"—","corsFlag":"—","simplicity":"—","insight":"—"}
{"timestamp":"2025-07-31T22:21:10.378Z","url":"https://www.coinex.com/res/system/user/ip","method":"GET","origin":"—","status":"—","corsFlag":"—","simplicity":"—","insight":"—"}
{"timestamp":"2025-07-31T22:21:10.415Z","url":"https://www.coinex.com/res/vote2/project/idmap","method":"GET","origin":"—","status":"—","corsFlag":"—","simplicity":"—","insight":"—"}
{"timestamp":"2025-07-31T22:21:10.432Z","url":"https://www.coinex.com/res/quotes/to-online/assets","method":"GET","origin":"—","status":"—","corsFlag":"—","simplicity":"—","insight":"—"}
{"timestamp":"2025-07-31T22:21:10.453Z","url":"https://www.coinex.com/res/maintain/temp","method":"GET","origin":"—","status":"—","corsFlag":"—","simplicity":"—","insight":"—"}
{"timestamp":"2025-07-31T22:21:10.482Z","url":"https://www.coinex.com/res/contract/market/list","method":"GET","origin":"—","status":"—","corsFlag":"—","simplicity":"—","insight":"—"}
{"timestamp":"2025-07-31T22:21:10.504Z","url":"https://www.coinex.com/res/market/currency","method":"GET","origin":"—","status":"—","corsFlag":"—","simplicity":"—","insight":"—"}
{"timestamp":"2025-07-31T22:21:10.642Z","url":"https://www.coinex.com/res/system/ip/country","method":"GET","origin":"—","status":"—","corsFlag":"—","simplicity":"—","insight":"—"}
{"timestamp":"2025-07-31T22:21:10.655Z","url":"https://ekr.zdassets.com/compose/e193133e-b958-4c12-9fd2-34593675d21c","method":"GET","origin":"—","status":"—","corsFlag":"—","simplicity":"—","insight":"—"}
{"timestamp":"2025-07-31T22:21:10.858Z","url":"https://www.coinex.com/res/system/market","method":"GET","origin":"—","status":"—","corsFlag":"—","simplicity":"—","insight":"—"}
{"timestamp":"2025-07-31T22:21:10.879Z","url":"https://www.coinex.com/res/activity/popup-windows","method":"GET","origin":"—","status":"—","corsFlag":"—","simplicity":"—","insight":"—"}
{"timestamp":"2025-07-31T22:21:10.897Z","url":"https://www.coinex.com/res/quotes/asset/trending","method":"GET","origin":"—","status":"—","corsFlag":"—","simplicity":"—","insight":"—"}
{"timestamp":"2025-07-31T22:21:11.038Z","url":"https://coinex.zendesk.com/embeddable/config","method":"GET","origin":"—","status":"—","corsFlag":"—","simplicity":"—","insight":"—"}
{"timestamp":"2025-07-31T22:21:11.062Z","url":"https://www.coinex.com/res/app/download/url/","method":"GET","origin":"—","status":"—","corsFlag":"—","simplicity":"—","insight":"—"}
{"timestamp":"2025-07-31T22:21:11.592Z","url":"https://www.coinex.com/res/operation/dynamic-falling","method":"GET","origin":"—","status":"—","corsFlag":"—","simplicity":"—","insight":"—"}
{"timestamp":"2025-07-31T22:21:11.613Z","url":"https://coinex.zendesk.com/embeddable/config","method":"GET","origin":"—","status":"—","corsFlag":"—","simplicity":"—","insight":"—"}
{"timestamp":"2025-07-31T22:21:11.639Z","url":"https://www.coinex.com/res/wallet/assets","method":"GET","origin":"—","status":"—","corsFlag":"—","simplicity":"—","insight":"—"}
{"timestamp":"2025-07-31T22:21:11.673Z","url":"https://www.coinex.com/res/system/time","method":"GET","origin":"—","status":"—","corsFlag":"—","simplicity":"—","insight":"—"}
{"timestamp":"2025-07-31T22:21:11.704Z","url":"https://www.coinex.com/res/activity/list","method":"GET","origin":"—","status":"—","corsFlag":"—","simplicity":"—","insight":"—"}
{"timestamp":"2025-07-31T22:21:11.735Z","url":"https://www.coinex.com/res/activity/newbie-zone/activity","method":"GET","origin":"—","status":"—","corsFlag":"—","simplicity":"—","insight":"—"}
{"timestamp":"2025-07-31T22:21:11.766Z","url":"https://www.coinex.com/res/activity/exposure/list","method":"GET","origin":"—","status":"—","corsFlag":"—","simplicity":"—","insight":"—"}
{"timestamp":"2025-07-31T22:21:11.788Z","url":"https://coinex.zendesk.com/frontendevents/pv?client=1B752747-577B-429A-A0E0-83861AF69088","method":"OPTIONS","origin":"—","status":"—","corsFlag":"—","simplicity":"—","insight":"—"}
{"timestamp":"2025-07-31T22:21:11.854Z","url":"https://www.coinex.com/res/system/ip/country?null=","method":"GET","origin":"—","status":"—","corsFlag":"—","simplicity":"—","insight":"—"}
{"timestamp":"2025-07-31T22:21:11.882Z","url":"https://www.coinex.com/res/market/currency","method":"GET","origin":"—","status":"—","corsFlag":"—","simplicity":"—","insight":"—"}
{"timestamp":"2025-07-31T22:21:11.898Z","url":"https://www.coinex.com/res/market/fiat/prices?null=","method":"GET","origin":"—","status":"—","corsFlag":"—","simplicity":"—","insight":"—"}
{"timestamp":"2025-07-31T22:21:11.917Z","url":"https://www.coinex.com/res/system/user/ip","method":"GET","origin":"—","status":"—","corsFlag":"—","simplicity":"—","insight":"—"}
{"timestamp":"2025-07-31T22:21:11.934Z","url":"https://www.coinex.com/res/market/","method":"GET","origin":"—","status":"—","corsFlag":"—","simplicity":"—","insight":"—"}
{"timestamp":"2025-07-31T22:21:11.968Z","url":"https://ekr.zdassets.com/compose/e193133e-b958-4c12-9fd2-34593675d21c","method":"GET","origin":"—","status":"—","corsFlag":"—","simplicity":"—","insight":"—"}
{"timestamp":"2025-07-31T22:21:11.996Z","url":"https://www.coinex.com/res/information/support","method":"GET","origin":"—","status":"—","corsFlag":"—","simplicity":"—","insight":"—"}
{"timestamp":"2025-07-31T22:21:12.020Z","url":"https://www.coinex.com/res/p2p/config","method":"GET","origin":"—","status":"—","corsFlag":"—","simplicity":"—","insight":"—"}
{"timestamp":"2025-07-31T22:21:12.046Z","url":"https://www.coinex.com/res/activity/list","method":"GET","origin":"—","status":"—","corsFlag":"—","simplicity":"—","insight":"—"}
{"timestamp":"2025-07-31T22:21:12.084Z","url":"https://www.coinex.com/res/activity/exposure/list","method":"GET","origin":"—","status":"—","corsFlag":"—","simplicity":"—","insight":"—"}
{"timestamp":"2025-07-31T22:21:12.101Z","url":"https://www.coinex.com/res/operation/dynamic-falling","method":"GET","origin":"—","status":"—","corsFlag":"—","simplicity":"—","insight":"—"}
{"timestamp":"2025-07-31T22:21:12.122Z","url":"https://www.coinex.com/res/market/asset/prices?null=","method":"GET","origin":"—","status":"—","corsFlag":"—","simplicity":"—","insight":"—"}
{"timestamp":"2025-07-31T22:21:12.183Z","url":"https://coinex.zendesk.com/embeddable/config","method":"GET","origin":"—","status":"—","corsFlag":"—","simplicity":"—","insight":"—"}
{"timestamp":"2025-07-31T22:21:12.199Z","url":"https://coinex.zendesk.com/frontendevents/pv?client=1B752747-577B-429A-A0E0-83861AF69088","method":"POST","origin":"—","status":"—","corsFlag":"—","simplicity":"—","insight":"—"}
{"timestamp":"2025-07-31T22:21:12.216Z","url":"https://www.coinex.com/res/account/balance/business-types","method":"GET","origin":"—","status":"—","corsFlag":"—","simplicity":"—","insight":"—"}
{"timestamp":"2025-07-31T22:21:12.471Z","url":"https://www.coinex.com/res/wallet/assets","method":"GET","origin":"—","status":"—","corsFlag":"—","simplicity":"—","insight":"—"}
{"timestamp":"2025-07-31T22:21:12.536Z","url":"https://coinex.zendesk.com/frontendevents/pv?client=1B752747-577B-429A-A0E0-83861AF69088","method":"POST","origin":"—","status":"—","corsFlag":"—","simplicity":"—","insight":"—"}
{"timestamp":"2025-07-31T22:21:12.688Z","url":"https://www.coinex.com/res/operation/sns-conf?business=SNS_SITE","method":"GET","origin":"—","status":"—","corsFlag":"—","simplicity":"—","insight":"—"}
{"timestamp":"2025-07-31T22:21:12.716Z","url":"https://www.coinex.com/res/system/trade/info","method":"GET","origin":"—","status":"—","corsFlag":"—","simplicity":"—","insight":"—"}
{"timestamp":"2025-07-31T22:21:12.738Z","url":"https://www.coinex.com/res/activity/coinex-wallet/traffic?platform=WEB","method":"GET","origin":"—","status":"—","corsFlag":"—","simplicity":"—","insight":"—"}
{"timestamp":"2025-07-31T22:21:12.768Z","url":"https://www.coinex.com/res/information/support","method":"GET","origin":"—","status":"—","corsFlag":"—","simplicity":"—","insight":"—"}
{"timestamp":"2025-07-31T22:21:12.786Z","url":"https://www.coinex.com/res/operation/dynamic-falling","method":"GET","origin":"—","status":"—","corsFlag":"—","simplicity":"—","insight":"—"}
{"timestamp":"2025-07-31T22:21:12.813Z","url":"https://www.coinex.com/res/analytics/push-statistic","method":"POST","origin":"—","status":"—","corsFlag":"—","simplicity":"—","insight":"—"}
{"timestamp":"2025-07-31T22:21:13.643Z","url":"https://www.coinex.com/res/operation/sns-conf?business=SNS_SITE","method":"GET","origin":"—","status":"—","corsFlag":"—","simplicity":"—","insight":"—"}
{"timestamp":"2025-07-31T22:21:13.669Z","url":"https://www.coinex.com/res/system/trade/info","method":"GET","origin":"—","status":"—","corsFlag":"—","simplicity":"—","insight":"—"}
{"timestamp":"2025-07-31T22:21:13.701Z","url":"https://www.coinex.com/res/system/time","method":"GET","origin":"—","status":"—","corsFlag":"—","simplicity":"—","insight":"—"}
{"timestamp":"2025-07-31T22:21:14.794Z","url":"https://www.google-analytics.com/g/collect?v=2&tid=G-2DQ66G4TCR&gtm=45je57u1v876629130za200zd876629130&_p=1754000471315&gcs=G100&gcd=13p3p3p3p5l1&npa=1&dma_cps=-&dma=0&tag_exp=101509157~103116026~103200004~103233427~104573694~104684208~104684211~104948813~105087538~105087540~105103161~105103163&cid=60686494.1754000474&ul=en-us&are=1&frm=1&pscdl=denied&_geo=1&_rdi=1&_s=1&sid=1754000472&sct=1&seg=0&dl=https%3A%2F%2Fwww.coinex.com%2Fv3%2Fen%2F&dr=https%3A%2F%2Fwww.coinex.com%2Fen%2F&dt=CoinEx%20-%20The%20Global%20Cryptocurrency%20Exchange&en=page_view&_fv=1&_nsi=1&_ss=1&_ee=1&tfd=4270","method":"POST","origin":"—","status":"—","corsFlag":"—","simplicity":"—","insight":"—"}
{"timestamp":"2025-07-31T22:21:15.520Z","url":"https://www.google-analytics.com/g/collect?v=2&tid=G-2DQ66G4TCR&gtm=45je57u1v876629130za200zd876629130&_p=1754000469577&gcd=13l3l3l3l1l1&npa=0&dma=0&tag_exp=101509157~103116026~103200004~103233427~104684208~104684211~104948813~105087538~105087540~105103161~105103163&cid=731721645.1753997201&ul=en-us&are=1&frm=0&pscdl=noapi&_eu=AAAAAAQ&_geo=1&_rdi=1&_s=1&sid=1753997200&sct=1&seg=1&dl=https%3A%2F%2Fwww.coinex.com%2Fen%2F&dt=CoinEx%20-%20Global%20Crypto%20Exchange&dp=%2Fen%2F&en=page_view&_ee=1&ep.anonymize_ip=true&tfd=7901","method":"POST","origin":"—","status":"—","corsFlag":"—","simplicity":"—","insight":"—"}
{"timestamp":"2025-07-31T22:21:20.389Z","url":"https://www.coinex.com/res/maintain/temp","method":"GET","origin":"—","status":"—","corsFlag":"—","simplicity":"—","insight":"—"}
{"timestamp":"2025-07-31T22:21:30.791Z","url":"https://www.coinex.com/res/maintain/temp","method":"GET","origin":"—","status":"—","corsFlag":"—","simplicity":"—","insight":"—"}
{"timestamp":"2025-07-31T22:22:05.722Z","url":"https://0ac300810466e3058508c38000fd005a.web-security-academy.net/accountDetails","method":"GET","origin":"—","status":"—","corsFlag":"—","simplicity":"—","insight":"—"}
{"timestamp":"2025-07-31T22:22:29.216Z","url":"https://0ac300810466e3058508c38000fd005a.web-security-academy.net/accountDetails","method":"GET","origin":"—","status":"—","corsFlag":"—","simplicity":"—","insight":"—"}
{"timestamp":"2025-07-31T22:48:55.496Z","url":"https://0ac7000c048cae8e82b81a88003900ba.web-security-academy.net/accountDetails","method":"GET","origin":"—","status":"—","corsFlag":"—","simplicity":"—","insight":"—"}
{"timestamp":"2025-07-31T22:50:58.974Z","url":"https://0ac7000c048cae8e82b81a88003900ba.web-security-academy.net/accountDetails","method":"GET","origin":"—","status":"—","corsFlag":"—","simplicity":"—","insight":"—"}
{"timestamp":"2025-07-31T22:55:55.491Z","url":"https://0ac7000c048cae8e82b81a88003900ba.web-security-academy.net/accountDetails","method":"GET","origin":"—","status":"—","corsFlag":"—","simplicity":"—","insight":"—"}
{"timestamp":"2025-07-31T23:01:31.907Z","url":"https://0ac7000c048cae8e82b81a88003900ba.web-security-academy.net/accountDetails","method":"GET","origin":"—","status":"—","corsFlag":"—","simplicity":"—","insight":"—"}
{"timestamp":"2025-07-31T23:02:57.948Z","url":"https://0ac7000c048cae8e82b81a88003900ba.web-security-academy.net/accountDetails","method":"GET","origin":"—","status":"—","corsFlag":"—","simplicity":"—","insight":"—"}
{"timestamp":"2025-07-31T23:07:32.727Z","url":"https://0ac7000c048cae8e82b81a88003900ba.web-security-academy.net/accountDetails","method":"GET","origin":"—","status":"—","corsFlag":"—","simplicity":"—","insight":"—"}
{"timestamp":"2025-07-31T23:09:58.277Z","url":"https://0ac7000c048cae8e82b81a88003900ba.web-security-academy.net/accountDetails","method":"GET","origin":"—","status":"—","corsFlag":"—","simplicity":"—","insight":"—"}
{"timestamp":"2025-07-31T23:17:55.442Z","url":"https://0ac7000c048cae8e82b81a88003900ba.web-security-academy.net/accountDetails","method":"GET","origin":"—","status":"—","corsFlag":"—","simplicity":"—","insight":"—"}
{"timestamp":"2025-07-31T23:20:04.036Z","url":"https://0ac7000c048cae8e82b81a88003900ba.web-security-academy.net/accountDetails","method":"GET","origin":"—","status":"—","corsFlag":"—","simplicity":"—","insight":"—"}
{"timestamp":"2025-07-31T23:29:59.938Z","url":"https://0ac7000c048cae8e82b81a88003900ba.web-security-academy.net/accountDetails","method":"GET","origin":"—","status":"—","corsFlag":"—","simplicity":"—","insight":"—"}
