[2025-07-31T23:29:59.936Z]
{
  "type": "passive-fetch",
  "method": "GET",
  "url": "https://0ac7000c048cae8e82b81a88003900ba.web-security-academy.net/accountDetails",
  "statusCode": 200,
  "requestHeaders": [
    {
      "name": "sec-ch-ua-platform",
      "value": "\"Windows\""
    },
    {
      "name": "User-Agent",
      "value": "Mozilla/5.0 (Windows NT 10.0; Win64; x64) AppleWebKit/537.36 (KHTML, like Gecko) Chrome/138.0.0.0 Safari/537.36"
    },
    {
      "name": "sec-ch-ua",
      "value": "\"Not)A;Brand\";v=\"8\", \"Chromium\";v=\"138\", \"Google Chrome\";v=\"138\""
    },
    {
      "name": "sec-ch-ua-mobile",
      "value": "?0"
    },
    {
      "name": "Accept",
      "value": "*/*"
    },
    {
      "name": "Sec-Fetch-Site",
      "value": "same-origin"
    },
    {
      "name": "Sec-Fetch-Mode",
      "value": "cors"
    },
    {
      "name": "Sec-Fetch-Dest",
      "value": "empty"
    },
    {
      "name": "Referer",
      "value": "https://0ac7000c048cae8e82b81a88003900ba.web-security-academy.net/my-account?id=wiener"
    },
    {
      "name": "Accept-Encoding",
      "value": "gzip, deflate, br, zstd"
    },
    {
      "name": "Accept-Language",
      "value": "en-US,en;q=0.9"
    },
    {
      "name": "Cookie",
      "value": "session=gbkvMMyWnViDhGanJw9mhmmjSykqHdGS"
    }
  ],
  "responseHeaders": [
    {
      "name": "access-control-allow-credentials",
      "value": "true"
    },
    {
      "name": "content-type",
      "value": "application/json; charset=utf-8"
    },
    {
      "name": "x-frame-options",
      "value": "SAMEORIGIN"
    },
    {
      "name": "content-encoding",
      "value": "gzip"
    },
    {
      "name": "content-length",
      "value": "424"
    }
  ],
  "body": null,
  "tabId": "background",
  "headerDump": [
    {
      "index": 0,
      "name": "access-control-allow-credentials",
      "value": "true"
    },
    {
      "index": 1,
      "name": "content-type",
      "value": "application/json; charset=utf-8"
    },
    {
      "index": 2,
      "name": "x-frame-options",
      "value": "SAMEORIGIN"
    },
    {
      "index": 3,
      "name": "content-encoding",
      "value": "gzip"
    },
    {
      "index": 4,
      "name": "content-length",
      "value": "424"
    }
  ],
  "anomalies": [
    "Detected ACA header: access-control-allow-credentials: true"
  ],
  "timestamp": "2025-07-31T23:29:59.935Z"
}

[2025-07-31T23:29:59.744Z]
{
  "type": "initial-page",
  "method": "GET",
  "url": "https://0ac7000c048cae8e82b81a88003900ba.web-security-academy.net/my-account?id=wiener",
  "tabId": 264560973,
  "statusCode": 200,
  "requestHeaders": [
    {
      "name": "Upgrade-Insecure-Requests",
      "value": "1"
    },
    {
      "name": "User-Agent",
      "value": "Mozilla/5.0 (Windows NT 10.0; Win64; x64) AppleWebKit/537.36 (KHTML, like Gecko) Chrome/138.0.0.0 Safari/537.36"
    },
    {
      "name": "Accept",
      "value": "text/html,application/xhtml+xml,application/xml;q=0.9,image/avif,image/webp,image/apng,*/*;q=0.8,application/signed-exchange;v=b3;q=0.7"
    },
    {
      "name": "Sec-Fetch-Site",
      "value": "same-origin"
    },
    {
      "name": "Sec-Fetch-Mode",
      "value": "navigate"
    },
    {
      "name": "Sec-Fetch-User",
      "value": "?1"
    },
    {
      "name": "Sec-Fetch-Dest",
      "value": "document"
    },
    {
      "name": "sec-ch-ua",
      "value": "\"Not)A;Brand\";v=\"8\", \"Chromium\";v=\"138\", \"Google Chrome\";v=\"138\""
    },
    {
      "name": "sec-ch-ua-mobile",
      "value": "?0"
    },
    {
      "name": "sec-ch-ua-platform",
      "value": "\"Windows\""
    },
    {
      "name": "Referer",
      "value": "https://0ac7000c048cae8e82b81a88003900ba.web-security-academy.net/login"
    },
    {
      "name": "Accept-Encoding",
      "value": "gzip, deflate, br, zstd"
    },
    {
      "name": "Accept-Language",
      "value": "en-US,en;q=0.9"
    },
    {
      "name": "Cookie",
      "value": "session=gbkvMMyWnViDhGanJw9mhmmjSykqHdGS"
    }
  ],
  "responseHeaders": [
    {
      "name": "content-type",
      "value": "text/html; charset=utf-8"
    },
    {
      "name": "cache-control",
      "value": "no-cache"
    },
    {
      "name": "x-frame-options",
      "value": "SAMEORIGIN"
    },
    {
      "name": "content-encoding",
      "value": "gzip"
    },
    {
      "name": "content-length",
      "value": "1294"
    }
  ],
  "body": null,
  "headerDump": [
    {
      "index": 0,
      "name": "content-type",
      "value": "text/html; charset=utf-8"
    },
    {
      "index": 1,
      "name": "cache-control",
      "value": "no-cache"
    },
    {
      "index": 2,
      "name": "x-frame-options",
      "value": "SAMEORIGIN"
    },
    {
      "index": 3,
      "name": "content-encoding",
      "value": "gzip"
    },
    {
      "index": 4,
      "name": "content-length",
      "value": "1294"
    }
  ],
  "anomalies": [],
  "timestamp": "2025-07-31T23:29:59.743Z"
}

[2025-07-31T23:29:49.223Z]
{
  "type": "initial-page",
  "method": "GET",
  "url": "https://0ac7000c048cae8e82b81a88003900ba.web-security-academy.net/login",
  "tabId": 264560973,
  "statusCode": 200,
  "requestHeaders": [
    {
      "name": "Upgrade-Insecure-Requests",
      "value": "1"
    },
    {
      "name": "User-Agent",
      "value": "Mozilla/5.0 (Windows NT 10.0; Win64; x64) AppleWebKit/537.36 (KHTML, like Gecko) Chrome/138.0.0.0 Safari/537.36"
    },
    {
      "name": "Accept",
      "value": "text/html,application/xhtml+xml,application/xml;q=0.9,image/avif,image/webp,image/apng,*/*;q=0.8,application/signed-exchange;v=b3;q=0.7"
    },
    {
      "name": "Sec-Fetch-Site",
      "value": "same-origin"
    },
    {
      "name": "Sec-Fetch-Mode",
      "value": "navigate"
    },
    {
      "name": "Sec-Fetch-User",
      "value": "?1"
    },
    {
      "name": "Sec-Fetch-Dest",
      "value": "document"
    },
    {
      "name": "sec-ch-ua",
      "value": "\"Not)A;Brand\";v=\"8\", \"Chromium\";v=\"138\", \"Google Chrome\";v=\"138\""
    },
    {
      "name": "sec-ch-ua-mobile",
      "value": "?0"
    },
    {
      "name": "sec-ch-ua-platform",
      "value": "\"Windows\""
    },
    {
      "name": "Referer",
      "value": "https://0ac7000c048cae8e82b81a88003900ba.web-security-academy.net/"
    },
    {
      "name": "Accept-Encoding",
      "value": "gzip, deflate, br, zstd"
    },
    {
      "name": "Accept-Language",
      "value": "en-US,en;q=0.9"
    },
    {
      "name": "Cookie",
      "value": "session=2c1XbXpO4QHXZczCTmBatuZyldlvNIAt"
    }
  ],
  "responseHeaders": [
    {
      "name": "content-type",
      "value": "text/html; charset=utf-8"
    },
    {
      "name": "x-frame-options",
      "value": "SAMEORIGIN"
    },
    {
      "name": "content-encoding",
      "value": "gzip"
    },
    {
      "name": "content-length",
      "value": "1131"
    }
  ],
  "body": null,
  "headerDump": [
    {
      "index": 0,
      "name": "content-type",
      "value": "text/html; charset=utf-8"
    },
    {
      "index": 1,
      "name": "x-frame-options",
      "value": "SAMEORIGIN"
    },
    {
      "index": 2,
      "name": "content-encoding",
      "value": "gzip"
    },
    {
      "index": 3,
      "name": "content-length",
      "value": "1131"
    }
  ],
  "anomalies": [],
  "timestamp": "2025-07-31T23:29:49.223Z"
}

[2025-07-31T23:29:30.409Z]
{
  "type": "initial-page",
  "method": "GET",
  "url": "https://0ac7000c048cae8e82b81a88003900ba.web-security-academy.net/",
  "tabId": 264560973,
  "statusCode": 200,
  "requestHeaders": [
    {
      "name": "sec-ch-ua",
      "value": "\"Not)A;Brand\";v=\"8\", \"Chromium\";v=\"138\", \"Google Chrome\";v=\"138\""
    },
    {
      "name": "sec-ch-ua-mobile",
      "value": "?0"
    },
    {
      "name": "sec-ch-ua-platform",
      "value": "\"Windows\""
    },
    {
      "name": "Upgrade-Insecure-Requests",
      "value": "1"
    },
    {
      "name": "User-Agent",
      "value": "Mozilla/5.0 (Windows NT 10.0; Win64; x64) AppleWebKit/537.36 (KHTML, like Gecko) Chrome/138.0.0.0 Safari/537.36"
    },
    {
      "name": "Accept",
      "value": "text/html,application/xhtml+xml,application/xml;q=0.9,image/avif,image/webp,image/apng,*/*;q=0.8,application/signed-exchange;v=b3;q=0.7"
    },
    {
      "name": "Sec-Fetch-Site",
      "value": "none"
    },
    {
      "name": "Sec-Fetch-Mode",
      "value": "navigate"
    },
    {
      "name": "Sec-Fetch-User",
      "value": "?1"
    },
    {
      "name": "Sec-Fetch-Dest",
      "value": "document"
    },
    {
      "name": "Accept-Encoding",
      "value": "gzip, deflate, br, zstd"
    },
    {
      "name": "Accept-Language",
      "value": "en-US,en;q=0.9"
    },
    {
      "name": "Cookie",
      "value": "session=2c1XbXpO4QHXZczCTmBatuZyldlvNIAt"
    }
  ],
  "responseHeaders": [
    {
      "name": "content-type",
      "value": "text/html; charset=utf-8"
    },
    {
      "name": "x-frame-options",
      "value": "SAMEORIGIN"
    },
    {
      "name": "content-encoding",
      "value": "gzip"
    },
    {
      "name": "content-length",
      "value": "1729"
    }
  ],
  "body": null,
  "headerDump": [
    {
      "index": 0,
      "name": "content-type",
      "value": "text/html; charset=utf-8"
    },
    {
      "index": 1,
      "name": "x-frame-options",
      "value": "SAMEORIGIN"
    },
    {
      "index": 2,
      "name": "content-encoding",
      "value": "gzip"
    },
    {
      "index": 3,
      "name": "content-length",
      "value": "1729"
    }
  ],
  "anomalies": [],
  "timestamp": "2025-07-31T23:29:30.408Z"
}

[2025-07-31T23:20:04.034Z]
{
  "type": "passive-fetch",
  "method": "GET",
  "url": "https://0ac7000c048cae8e82b81a88003900ba.web-security-academy.net/accountDetails",
  "statusCode": 200,
  "requestHeaders": [
    {
      "name": "sec-ch-ua-platform",
      "value": "\"Windows\""
    },
    {
      "name": "User-Agent",
      "value": "Mozilla/5.0 (Windows NT 10.0; Win64; x64) AppleWebKit/537.36 (KHTML, like Gecko) Chrome/138.0.0.0 Safari/537.36"
    },
    {
      "name": "sec-ch-ua",
      "value": "\"Not)A;Brand\";v=\"8\", \"Chromium\";v=\"138\", \"Google Chrome\";v=\"138\""
    },
    {
      "name": "sec-ch-ua-mobile",
      "value": "?0"
    },
    {
      "name": "Accept",
      "value": "*/*"
    },
    {
      "name": "Sec-Fetch-Site",
      "value": "same-origin"
    },
    {
      "name": "Sec-Fetch-Mode",
      "value": "cors"
    },
    {
      "name": "Sec-Fetch-Dest",
      "value": "empty"
    },
    {
      "name": "Referer",
      "value": "https://0ac7000c048cae8e82b81a88003900ba.web-security-academy.net/my-account?id=wiener"
    },
    {
      "name": "Accept-Encoding",
      "value": "gzip, deflate, br, zstd"
    },
    {
      "name": "Accept-Language",
      "value": "en-US,en;q=0.9"
    },
    {
      "name": "Cookie",
      "value": "session=GZGUfsHnv5UFGFpj0O7RF1r7bgJe1ixd"
    }
  ],
  "responseHeaders": [
    {
      "name": "access-control-allow-credentials",
      "value": "true"
    },
    {
      "name": "content-type",
      "value": "application/json; charset=utf-8"
    },
    {
      "name": "x-frame-options",
      "value": "SAMEORIGIN"
    },
    {
      "name": "content-encoding",
      "value": "gzip"
    },
    {
      "name": "content-length",
      "value": "398"
    }
  ],
  "body": null,
  "tabId": "background",
  "headerDump": [
    {
      "index": 0,
      "name": "access-control-allow-credentials",
      "value": "true"
    },
    {
      "index": 1,
      "name": "content-type",
      "value": "application/json; charset=utf-8"
    },
    {
      "index": 2,
      "name": "x-frame-options",
      "value": "SAMEORIGIN"
    },
    {
      "index": 3,
      "name": "content-encoding",
      "value": "gzip"
    },
    {
      "index": 4,
      "name": "content-length",
      "value": "398"
    }
  ],
  "anomalies": [
    "Detected ACA header: access-control-allow-credentials: true"
  ],
  "timestamp": "2025-07-31T23:20:04.033Z"
}

[2025-07-31T23:17:55.441Z]
{
  "type": "passive-fetch",
  "method": "GET",
  "url": "https://0ac7000c048cae8e82b81a88003900ba.web-security-academy.net/accountDetails",
  "statusCode": 200,
  "requestHeaders": [
    {
      "name": "sec-ch-ua-platform",
      "value": "\"Windows\""
    },
    {
      "name": "User-Agent",
      "value": "Mozilla/5.0 (Windows NT 10.0; Win64; x64) AppleWebKit/537.36 (KHTML, like Gecko) Chrome/138.0.0.0 Safari/537.36"
    },
    {
      "name": "sec-ch-ua",
      "value": "\"Not)A;Brand\";v=\"8\", \"Chromium\";v=\"138\", \"Google Chrome\";v=\"138\""
    },
    {
      "name": "sec-ch-ua-mobile",
      "value": "?0"
    },
    {
      "name": "Accept",
      "value": "*/*"
    },
    {
      "name": "Sec-Fetch-Site",
      "value": "same-origin"
    },
    {
      "name": "Sec-Fetch-Mode",
      "value": "cors"
    },
    {
      "name": "Sec-Fetch-Dest",
      "value": "empty"
    },
    {
      "name": "Referer",
      "value": "https://0ac7000c048cae8e82b81a88003900ba.web-security-academy.net/my-account?id=wiener"
    },
    {
      "name": "Accept-Encoding",
      "value": "gzip, deflate, br, zstd"
    },
    {
      "name": "Accept-Language",
      "value": "en-US,en;q=0.9"
    },
    {
      "name": "Cookie",
      "value": "session=gubGs1b7g11nnaaBiXBVVmiWspw9zTXE"
    }
  ],
  "responseHeaders": [
    {
      "name": "access-control-allow-credentials",
      "value": "true"
    },
    {
      "name": "content-type",
      "value": "application/json; charset=utf-8"
    },
    {
      "name": "x-frame-options",
      "value": "SAMEORIGIN"
    },
    {
      "name": "content-encoding",
      "value": "gzip"
    },
    {
      "name": "content-length",
      "value": "369"
    }
  ],
  "body": null,
  "tabId": "background",
  "headerDump": [
    {
      "index": 0,
      "name": "access-control-allow-credentials",
      "value": "true"
    },
    {
      "index": 1,
      "name": "content-type",
      "value": "application/json; charset=utf-8"
    },
    {
      "index": 2,
      "name": "x-frame-options",
      "value": "SAMEORIGIN"
    },
    {
      "index": 3,
      "name": "content-encoding",
      "value": "gzip"
    },
    {
      "index": 4,
      "name": "content-length",
      "value": "369"
    }
  ],
  "anomalies": [
    "Detected ACA header: access-control-allow-credentials: true"
  ],
  "timestamp": "2025-07-31T23:17:55.441Z"
}

